Grammar

    0 $accept: pgm $end

    1 pgm: cdec MAIN LBRACE vardec elist RBRACE ENDOFFILE

    2 cdec: cdec CLASS ID EXTENDS ID LBRACE vardec methdec RBRACE
    3     | cdec CLASS ID EXTENDS ID LBRACE vardec RBRACE
    4     | /* empty */

    5 var: NATTYPE ID
    6    | ID ID

    7 vardec: vardec var SEMICOLON
    8       | /* empty */

    9 methdec: methdec var LPAREN pdec RPAREN LBRACE vardec elist RBRACE
   10        | var LPAREN pdec RPAREN LBRACE vardec elist RBRACE

   11 pdec: pdec COMMA var
   12     | var
   13     | /* empty */

   14 elist: elist expr SEMICOLON
   15      | expr SEMICOLON

   16 alist: alist COMMA expr
   17      | expr
   18      | /* empty */

   19 expr: expr PLUS expr
   20     | expr MINUS expr
   21     | expr TIMES expr
   22     | expr EQUALITY expr
   23     | expr LESS expr
   24     | NOT expr
   25     | expr AND expr
   26     | NATLITERAL
   27     | NUL
   28     | IF LPAREN expr RPAREN LBRACE elist RBRACE ELSE LBRACE elist RBRACE
   29     | WHILE LPAREN expr RPAREN LBRACE elist RBRACE
   30     | NEW ID LPAREN RPAREN
   31     | THIS
   32     | PRINTNAT LPAREN expr RPAREN
   33     | READNAT LPAREN RPAREN
   34     | ID
   35     | expr DOT ID
   36     | ID ASSIGN expr
   37     | expr DOT ID ASSIGN expr
   38     | ID LPAREN alist RPAREN
   39     | expr DOT ID LPAREN alist RPAREN
   40     | LPAREN expr RPAREN


Terminals, with rules where they appear

$end (0) 0
error (256)
MAIN (258) 1
CLASS (259) 2 3
EXTENDS (260) 2 3
NATTYPE (261) 5
IF (262) 28
ELSE (263) 28
WHILE (264) 29
PRINTNAT (265) 32
READNAT (266) 33
THIS (267) 31
NEW (268) 30
NUL (269) 27
NATLITERAL (270) 26
ID (271) 2 3 5 6 30 34 35 36 37 38 39
ASSIGN (272) 36 37
PLUS (273) 19
MINUS (274) 20
TIMES (275) 21
EQUALITY (276) 22
LESS (277) 23
AND (278) 25
NOT (279) 24
DOT (280) 35 37 39
SEMICOLON (281) 7 14 15
COMMA (282) 11 16
LBRACE (283) 1 2 3 9 10 28 29
RBRACE (284) 1 2 3 9 10 28 29
LPAREN (285) 9 10 28 29 30 32 33 38 39 40
RPAREN (286) 9 10 28 29 30 32 33 38 39 40
ENDOFFILE (287) 1


Nonterminals, with rules where they appear

$accept (33)
    on left: 0
pgm (34)
    on left: 1, on right: 0
cdec (35)
    on left: 2 3 4, on right: 1 2 3
var (36)
    on left: 5 6, on right: 7 9 10 11 12
vardec (37)
    on left: 7 8, on right: 1 2 3 7 9 10
methdec (38)
    on left: 9 10, on right: 2 9
pdec (39)
    on left: 11 12 13, on right: 9 10 11
elist (40)
    on left: 14 15, on right: 1 9 10 14 28 29
alist (41)
    on left: 16 17 18, on right: 16 38 39
expr (42)
    on left: 19 20 21 22 23 24 25 26 27 28 29 30 31 32 33 34 35 36
    37 38 39 40, on right: 14 15 16 17 19 20 21 22 23 24 25 28 29 32
    35 36 37 39 40


state 0

    0 $accept: . pgm $end

    $default  reduce using rule 4 (cdec)

    pgm   go to state 1
    cdec  go to state 2


state 1

    0 $accept: pgm . $end

    $end  shift, and go to state 3


state 2

    1 pgm: cdec . MAIN LBRACE vardec elist RBRACE ENDOFFILE
    2 cdec: cdec . CLASS ID EXTENDS ID LBRACE vardec methdec RBRACE
    3     | cdec . CLASS ID EXTENDS ID LBRACE vardec RBRACE

    MAIN   shift, and go to state 4
    CLASS  shift, and go to state 5


state 3

    0 $accept: pgm $end .

    $default  accept


state 4

    1 pgm: cdec MAIN . LBRACE vardec elist RBRACE ENDOFFILE

    LBRACE  shift, and go to state 6


state 5

    2 cdec: cdec CLASS . ID EXTENDS ID LBRACE vardec methdec RBRACE
    3     | cdec CLASS . ID EXTENDS ID LBRACE vardec RBRACE

    ID  shift, and go to state 7


state 6

    1 pgm: cdec MAIN LBRACE . vardec elist RBRACE ENDOFFILE

    $default  reduce using rule 8 (vardec)

    vardec  go to state 8


state 7

    2 cdec: cdec CLASS ID . EXTENDS ID LBRACE vardec methdec RBRACE
    3     | cdec CLASS ID . EXTENDS ID LBRACE vardec RBRACE

    EXTENDS  shift, and go to state 9


state 8

    1 pgm: cdec MAIN LBRACE vardec . elist RBRACE ENDOFFILE
    7 vardec: vardec . var SEMICOLON

    NATTYPE     shift, and go to state 10
    IF          shift, and go to state 11
    WHILE       shift, and go to state 12
    PRINTNAT    shift, and go to state 13
    READNAT     shift, and go to state 14
    THIS        shift, and go to state 15
    NEW         shift, and go to state 16
    NUL         shift, and go to state 17
    NATLITERAL  shift, and go to state 18
    ID          shift, and go to state 19
    NOT         shift, and go to state 20
    LPAREN      shift, and go to state 21

    var    go to state 22
    elist  go to state 23
    expr   go to state 24


state 9

    2 cdec: cdec CLASS ID EXTENDS . ID LBRACE vardec methdec RBRACE
    3     | cdec CLASS ID EXTENDS . ID LBRACE vardec RBRACE

    ID  shift, and go to state 25


state 10

    5 var: NATTYPE . ID

    ID  shift, and go to state 26


state 11

   28 expr: IF . LPAREN expr RPAREN LBRACE elist RBRACE ELSE LBRACE elist RBRACE

    LPAREN  shift, and go to state 27


state 12

   29 expr: WHILE . LPAREN expr RPAREN LBRACE elist RBRACE

    LPAREN  shift, and go to state 28


state 13

   32 expr: PRINTNAT . LPAREN expr RPAREN

    LPAREN  shift, and go to state 29


state 14

   33 expr: READNAT . LPAREN RPAREN

    LPAREN  shift, and go to state 30


state 15

   31 expr: THIS .

    $default  reduce using rule 31 (expr)


state 16

   30 expr: NEW . ID LPAREN RPAREN

    ID  shift, and go to state 31


state 17

   27 expr: NUL .

    $default  reduce using rule 27 (expr)


state 18

   26 expr: NATLITERAL .

    $default  reduce using rule 26 (expr)


state 19

    6 var: ID . ID
   34 expr: ID .
   36     | ID . ASSIGN expr
   38     | ID . LPAREN alist RPAREN

    ID      shift, and go to state 32
    ASSIGN  shift, and go to state 33
    LPAREN  shift, and go to state 34

    $default  reduce using rule 34 (expr)


state 20

   24 expr: NOT . expr

    IF          shift, and go to state 11
    WHILE       shift, and go to state 12
    PRINTNAT    shift, and go to state 13
    READNAT     shift, and go to state 14
    THIS        shift, and go to state 15
    NEW         shift, and go to state 16
    NUL         shift, and go to state 17
    NATLITERAL  shift, and go to state 18
    ID          shift, and go to state 35
    NOT         shift, and go to state 20
    LPAREN      shift, and go to state 21

    expr  go to state 36


state 21

   40 expr: LPAREN . expr RPAREN

    IF          shift, and go to state 11
    WHILE       shift, and go to state 12
    PRINTNAT    shift, and go to state 13
    READNAT     shift, and go to state 14
    THIS        shift, and go to state 15
    NEW         shift, and go to state 16
    NUL         shift, and go to state 17
    NATLITERAL  shift, and go to state 18
    ID          shift, and go to state 35
    NOT         shift, and go to state 20
    LPAREN      shift, and go to state 21

    expr  go to state 37


state 22

    7 vardec: vardec var . SEMICOLON

    SEMICOLON  shift, and go to state 38


state 23

    1 pgm: cdec MAIN LBRACE vardec elist . RBRACE ENDOFFILE
   14 elist: elist . expr SEMICOLON

    IF          shift, and go to state 11
    WHILE       shift, and go to state 12
    PRINTNAT    shift, and go to state 13
    READNAT     shift, and go to state 14
    THIS        shift, and go to state 15
    NEW         shift, and go to state 16
    NUL         shift, and go to state 17
    NATLITERAL  shift, and go to state 18
    ID          shift, and go to state 35
    NOT         shift, and go to state 20
    RBRACE      shift, and go to state 39
    LPAREN      shift, and go to state 21

    expr  go to state 40


state 24

   15 elist: expr . SEMICOLON
   19 expr: expr . PLUS expr
   20     | expr . MINUS expr
   21     | expr . TIMES expr
   22     | expr . EQUALITY expr
   23     | expr . LESS expr
   25     | expr . AND expr
   35     | expr . DOT ID
   37     | expr . DOT ID ASSIGN expr
   39     | expr . DOT ID LPAREN alist RPAREN

    PLUS       shift, and go to state 41
    MINUS      shift, and go to state 42
    TIMES      shift, and go to state 43
    EQUALITY   shift, and go to state 44
    LESS       shift, and go to state 45
    AND        shift, and go to state 46
    DOT        shift, and go to state 47
    SEMICOLON  shift, and go to state 48


state 25

    2 cdec: cdec CLASS ID EXTENDS ID . LBRACE vardec methdec RBRACE
    3     | cdec CLASS ID EXTENDS ID . LBRACE vardec RBRACE

    LBRACE  shift, and go to state 49


state 26

    5 var: NATTYPE ID .

    $default  reduce using rule 5 (var)


state 27

   28 expr: IF LPAREN . expr RPAREN LBRACE elist RBRACE ELSE LBRACE elist RBRACE

    IF          shift, and go to state 11
    WHILE       shift, and go to state 12
    PRINTNAT    shift, and go to state 13
    READNAT     shift, and go to state 14
    THIS        shift, and go to state 15
    NEW         shift, and go to state 16
    NUL         shift, and go to state 17
    NATLITERAL  shift, and go to state 18
    ID          shift, and go to state 35
    NOT         shift, and go to state 20
    LPAREN      shift, and go to state 21

    expr  go to state 50


state 28

   29 expr: WHILE LPAREN . expr RPAREN LBRACE elist RBRACE

    IF          shift, and go to state 11
    WHILE       shift, and go to state 12
    PRINTNAT    shift, and go to state 13
    READNAT     shift, and go to state 14
    THIS        shift, and go to state 15
    NEW         shift, and go to state 16
    NUL         shift, and go to state 17
    NATLITERAL  shift, and go to state 18
    ID          shift, and go to state 35
    NOT         shift, and go to state 20
    LPAREN      shift, and go to state 21

    expr  go to state 51


state 29

   32 expr: PRINTNAT LPAREN . expr RPAREN

    IF          shift, and go to state 11
    WHILE       shift, and go to state 12
    PRINTNAT    shift, and go to state 13
    READNAT     shift, and go to state 14
    THIS        shift, and go to state 15
    NEW         shift, and go to state 16
    NUL         shift, and go to state 17
    NATLITERAL  shift, and go to state 18
    ID          shift, and go to state 35
    NOT         shift, and go to state 20
    LPAREN      shift, and go to state 21

    expr  go to state 52


state 30

   33 expr: READNAT LPAREN . RPAREN

    RPAREN  shift, and go to state 53


state 31

   30 expr: NEW ID . LPAREN RPAREN

    LPAREN  shift, and go to state 54


state 32

    6 var: ID ID .

    $default  reduce using rule 6 (var)


state 33

   36 expr: ID ASSIGN . expr

    IF          shift, and go to state 11
    WHILE       shift, and go to state 12
    PRINTNAT    shift, and go to state 13
    READNAT     shift, and go to state 14
    THIS        shift, and go to state 15
    NEW         shift, and go to state 16
    NUL         shift, and go to state 17
    NATLITERAL  shift, and go to state 18
    ID          shift, and go to state 35
    NOT         shift, and go to state 20
    LPAREN      shift, and go to state 21

    expr  go to state 55


state 34

   38 expr: ID LPAREN . alist RPAREN

    IF          shift, and go to state 11
    WHILE       shift, and go to state 12
    PRINTNAT    shift, and go to state 13
    READNAT     shift, and go to state 14
    THIS        shift, and go to state 15
    NEW         shift, and go to state 16
    NUL         shift, and go to state 17
    NATLITERAL  shift, and go to state 18
    ID          shift, and go to state 35
    NOT         shift, and go to state 20
    LPAREN      shift, and go to state 21

    $default  reduce using rule 18 (alist)

    alist  go to state 56
    expr   go to state 57


state 35

   34 expr: ID .
   36     | ID . ASSIGN expr
   38     | ID . LPAREN alist RPAREN

    ASSIGN  shift, and go to state 33
    LPAREN  shift, and go to state 34

    $default  reduce using rule 34 (expr)


state 36

   19 expr: expr . PLUS expr
   20     | expr . MINUS expr
   21     | expr . TIMES expr
   22     | expr . EQUALITY expr
   23     | expr . LESS expr
   24     | NOT expr .
   25     | expr . AND expr
   35     | expr . DOT ID
   37     | expr . DOT ID ASSIGN expr
   39     | expr . DOT ID LPAREN alist RPAREN

    DOT  shift, and go to state 47

    $default  reduce using rule 24 (expr)


state 37

   19 expr: expr . PLUS expr
   20     | expr . MINUS expr
   21     | expr . TIMES expr
   22     | expr . EQUALITY expr
   23     | expr . LESS expr
   25     | expr . AND expr
   35     | expr . DOT ID
   37     | expr . DOT ID ASSIGN expr
   39     | expr . DOT ID LPAREN alist RPAREN
   40     | LPAREN expr . RPAREN

    PLUS      shift, and go to state 41
    MINUS     shift, and go to state 42
    TIMES     shift, and go to state 43
    EQUALITY  shift, and go to state 44
    LESS      shift, and go to state 45
    AND       shift, and go to state 46
    DOT       shift, and go to state 47
    RPAREN    shift, and go to state 58


state 38

    7 vardec: vardec var SEMICOLON .

    $default  reduce using rule 7 (vardec)


state 39

    1 pgm: cdec MAIN LBRACE vardec elist RBRACE . ENDOFFILE

    ENDOFFILE  shift, and go to state 59


state 40

   14 elist: elist expr . SEMICOLON
   19 expr: expr . PLUS expr
   20     | expr . MINUS expr
   21     | expr . TIMES expr
   22     | expr . EQUALITY expr
   23     | expr . LESS expr
   25     | expr . AND expr
   35     | expr . DOT ID
   37     | expr . DOT ID ASSIGN expr
   39     | expr . DOT ID LPAREN alist RPAREN

    PLUS       shift, and go to state 41
    MINUS      shift, and go to state 42
    TIMES      shift, and go to state 43
    EQUALITY   shift, and go to state 44
    LESS       shift, and go to state 45
    AND        shift, and go to state 46
    DOT        shift, and go to state 47
    SEMICOLON  shift, and go to state 60


state 41

   19 expr: expr PLUS . expr

    IF          shift, and go to state 11
    WHILE       shift, and go to state 12
    PRINTNAT    shift, and go to state 13
    READNAT     shift, and go to state 14
    THIS        shift, and go to state 15
    NEW         shift, and go to state 16
    NUL         shift, and go to state 17
    NATLITERAL  shift, and go to state 18
    ID          shift, and go to state 35
    NOT         shift, and go to state 20
    LPAREN      shift, and go to state 21

    expr  go to state 61


state 42

   20 expr: expr MINUS . expr

    IF          shift, and go to state 11
    WHILE       shift, and go to state 12
    PRINTNAT    shift, and go to state 13
    READNAT     shift, and go to state 14
    THIS        shift, and go to state 15
    NEW         shift, and go to state 16
    NUL         shift, and go to state 17
    NATLITERAL  shift, and go to state 18
    ID          shift, and go to state 35
    NOT         shift, and go to state 20
    LPAREN      shift, and go to state 21

    expr  go to state 62


state 43

   21 expr: expr TIMES . expr

    IF          shift, and go to state 11
    WHILE       shift, and go to state 12
    PRINTNAT    shift, and go to state 13
    READNAT     shift, and go to state 14
    THIS        shift, and go to state 15
    NEW         shift, and go to state 16
    NUL         shift, and go to state 17
    NATLITERAL  shift, and go to state 18
    ID          shift, and go to state 35
    NOT         shift, and go to state 20
    LPAREN      shift, and go to state 21

    expr  go to state 63


state 44

   22 expr: expr EQUALITY . expr

    IF          shift, and go to state 11
    WHILE       shift, and go to state 12
    PRINTNAT    shift, and go to state 13
    READNAT     shift, and go to state 14
    THIS        shift, and go to state 15
    NEW         shift, and go to state 16
    NUL         shift, and go to state 17
    NATLITERAL  shift, and go to state 18
    ID          shift, and go to state 35
    NOT         shift, and go to state 20
    LPAREN      shift, and go to state 21

    expr  go to state 64


state 45

   23 expr: expr LESS . expr

    IF          shift, and go to state 11
    WHILE       shift, and go to state 12
    PRINTNAT    shift, and go to state 13
    READNAT     shift, and go to state 14
    THIS        shift, and go to state 15
    NEW         shift, and go to state 16
    NUL         shift, and go to state 17
    NATLITERAL  shift, and go to state 18
    ID          shift, and go to state 35
    NOT         shift, and go to state 20
    LPAREN      shift, and go to state 21

    expr  go to state 65


state 46

   25 expr: expr AND . expr

    IF          shift, and go to state 11
    WHILE       shift, and go to state 12
    PRINTNAT    shift, and go to state 13
    READNAT     shift, and go to state 14
    THIS        shift, and go to state 15
    NEW         shift, and go to state 16
    NUL         shift, and go to state 17
    NATLITERAL  shift, and go to state 18
    ID          shift, and go to state 35
    NOT         shift, and go to state 20
    LPAREN      shift, and go to state 21

    expr  go to state 66


state 47

   35 expr: expr DOT . ID
   37     | expr DOT . ID ASSIGN expr
   39     | expr DOT . ID LPAREN alist RPAREN

    ID  shift, and go to state 67


state 48

   15 elist: expr SEMICOLON .

    $default  reduce using rule 15 (elist)


state 49

    2 cdec: cdec CLASS ID EXTENDS ID LBRACE . vardec methdec RBRACE
    3     | cdec CLASS ID EXTENDS ID LBRACE . vardec RBRACE

    $default  reduce using rule 8 (vardec)

    vardec  go to state 68


state 50

   19 expr: expr . PLUS expr
   20     | expr . MINUS expr
   21     | expr . TIMES expr
   22     | expr . EQUALITY expr
   23     | expr . LESS expr
   25     | expr . AND expr
   28     | IF LPAREN expr . RPAREN LBRACE elist RBRACE ELSE LBRACE elist RBRACE
   35     | expr . DOT ID
   37     | expr . DOT ID ASSIGN expr
   39     | expr . DOT ID LPAREN alist RPAREN

    PLUS      shift, and go to state 41
    MINUS     shift, and go to state 42
    TIMES     shift, and go to state 43
    EQUALITY  shift, and go to state 44
    LESS      shift, and go to state 45
    AND       shift, and go to state 46
    DOT       shift, and go to state 47
    RPAREN    shift, and go to state 69


state 51

   19 expr: expr . PLUS expr
   20     | expr . MINUS expr
   21     | expr . TIMES expr
   22     | expr . EQUALITY expr
   23     | expr . LESS expr
   25     | expr . AND expr
   29     | WHILE LPAREN expr . RPAREN LBRACE elist RBRACE
   35     | expr . DOT ID
   37     | expr . DOT ID ASSIGN expr
   39     | expr . DOT ID LPAREN alist RPAREN

    PLUS      shift, and go to state 41
    MINUS     shift, and go to state 42
    TIMES     shift, and go to state 43
    EQUALITY  shift, and go to state 44
    LESS      shift, and go to state 45
    AND       shift, and go to state 46
    DOT       shift, and go to state 47
    RPAREN    shift, and go to state 70


state 52

   19 expr: expr . PLUS expr
   20     | expr . MINUS expr
   21     | expr . TIMES expr
   22     | expr . EQUALITY expr
   23     | expr . LESS expr
   25     | expr . AND expr
   32     | PRINTNAT LPAREN expr . RPAREN
   35     | expr . DOT ID
   37     | expr . DOT ID ASSIGN expr
   39     | expr . DOT ID LPAREN alist RPAREN

    PLUS      shift, and go to state 41
    MINUS     shift, and go to state 42
    TIMES     shift, and go to state 43
    EQUALITY  shift, and go to state 44
    LESS      shift, and go to state 45
    AND       shift, and go to state 46
    DOT       shift, and go to state 47
    RPAREN    shift, and go to state 71


state 53

   33 expr: READNAT LPAREN RPAREN .

    $default  reduce using rule 33 (expr)


state 54

   30 expr: NEW ID LPAREN . RPAREN

    RPAREN  shift, and go to state 72


state 55

   19 expr: expr . PLUS expr
   20     | expr . MINUS expr
   21     | expr . TIMES expr
   22     | expr . EQUALITY expr
   23     | expr . LESS expr
   25     | expr . AND expr
   35     | expr . DOT ID
   36     | ID ASSIGN expr .
   37     | expr . DOT ID ASSIGN expr
   39     | expr . DOT ID LPAREN alist RPAREN

    PLUS      shift, and go to state 41
    MINUS     shift, and go to state 42
    TIMES     shift, and go to state 43
    EQUALITY  shift, and go to state 44
    LESS      shift, and go to state 45
    AND       shift, and go to state 46
    DOT       shift, and go to state 47

    $default  reduce using rule 36 (expr)


state 56

   16 alist: alist . COMMA expr
   38 expr: ID LPAREN alist . RPAREN

    COMMA   shift, and go to state 73
    RPAREN  shift, and go to state 74


state 57

   17 alist: expr .
   19 expr: expr . PLUS expr
   20     | expr . MINUS expr
   21     | expr . TIMES expr
   22     | expr . EQUALITY expr
   23     | expr . LESS expr
   25     | expr . AND expr
   35     | expr . DOT ID
   37     | expr . DOT ID ASSIGN expr
   39     | expr . DOT ID LPAREN alist RPAREN

    PLUS      shift, and go to state 41
    MINUS     shift, and go to state 42
    TIMES     shift, and go to state 43
    EQUALITY  shift, and go to state 44
    LESS      shift, and go to state 45
    AND       shift, and go to state 46
    DOT       shift, and go to state 47

    $default  reduce using rule 17 (alist)


state 58

   40 expr: LPAREN expr RPAREN .

    $default  reduce using rule 40 (expr)


state 59

    1 pgm: cdec MAIN LBRACE vardec elist RBRACE ENDOFFILE .

    $default  reduce using rule 1 (pgm)


state 60

   14 elist: elist expr SEMICOLON .

    $default  reduce using rule 14 (elist)


state 61

   19 expr: expr . PLUS expr
   19     | expr PLUS expr .
   20     | expr . MINUS expr
   21     | expr . TIMES expr
   22     | expr . EQUALITY expr
   23     | expr . LESS expr
   25     | expr . AND expr
   35     | expr . DOT ID
   37     | expr . DOT ID ASSIGN expr
   39     | expr . DOT ID LPAREN alist RPAREN

    TIMES  shift, and go to state 43
    DOT    shift, and go to state 47

    $default  reduce using rule 19 (expr)


state 62

   19 expr: expr . PLUS expr
   20     | expr . MINUS expr
   20     | expr MINUS expr .
   21     | expr . TIMES expr
   22     | expr . EQUALITY expr
   23     | expr . LESS expr
   25     | expr . AND expr
   35     | expr . DOT ID
   37     | expr . DOT ID ASSIGN expr
   39     | expr . DOT ID LPAREN alist RPAREN

    TIMES  shift, and go to state 43
    DOT    shift, and go to state 47

    $default  reduce using rule 20 (expr)


state 63

   19 expr: expr . PLUS expr
   20     | expr . MINUS expr
   21     | expr . TIMES expr
   21     | expr TIMES expr .
   22     | expr . EQUALITY expr
   23     | expr . LESS expr
   25     | expr . AND expr
   35     | expr . DOT ID
   37     | expr . DOT ID ASSIGN expr
   39     | expr . DOT ID LPAREN alist RPAREN

    DOT  shift, and go to state 47

    $default  reduce using rule 21 (expr)


state 64

   19 expr: expr . PLUS expr
   20     | expr . MINUS expr
   21     | expr . TIMES expr
   22     | expr . EQUALITY expr
   22     | expr EQUALITY expr .
   23     | expr . LESS expr
   25     | expr . AND expr
   35     | expr . DOT ID
   37     | expr . DOT ID ASSIGN expr
   39     | expr . DOT ID LPAREN alist RPAREN

    PLUS   shift, and go to state 41
    MINUS  shift, and go to state 42
    TIMES  shift, and go to state 43
    DOT    shift, and go to state 47

    EQUALITY  error (nonassociative)
    LESS      error (nonassociative)

    $default  reduce using rule 22 (expr)


state 65

   19 expr: expr . PLUS expr
   20     | expr . MINUS expr
   21     | expr . TIMES expr
   22     | expr . EQUALITY expr
   23     | expr . LESS expr
   23     | expr LESS expr .
   25     | expr . AND expr
   35     | expr . DOT ID
   37     | expr . DOT ID ASSIGN expr
   39     | expr . DOT ID LPAREN alist RPAREN

    PLUS   shift, and go to state 41
    MINUS  shift, and go to state 42
    TIMES  shift, and go to state 43
    DOT    shift, and go to state 47

    EQUALITY  error (nonassociative)
    LESS      error (nonassociative)

    $default  reduce using rule 23 (expr)


state 66

   19 expr: expr . PLUS expr
   20     | expr . MINUS expr
   21     | expr . TIMES expr
   22     | expr . EQUALITY expr
   23     | expr . LESS expr
   25     | expr . AND expr
   25     | expr AND expr .
   35     | expr . DOT ID
   37     | expr . DOT ID ASSIGN expr
   39     | expr . DOT ID LPAREN alist RPAREN

    PLUS      shift, and go to state 41
    MINUS     shift, and go to state 42
    TIMES     shift, and go to state 43
    EQUALITY  shift, and go to state 44
    LESS      shift, and go to state 45
    DOT       shift, and go to state 47

    $default  reduce using rule 25 (expr)


state 67

   35 expr: expr DOT ID .
   37     | expr DOT ID . ASSIGN expr
   39     | expr DOT ID . LPAREN alist RPAREN

    ASSIGN  shift, and go to state 75
    LPAREN  shift, and go to state 76

    $default  reduce using rule 35 (expr)


state 68

    2 cdec: cdec CLASS ID EXTENDS ID LBRACE vardec . methdec RBRACE
    3     | cdec CLASS ID EXTENDS ID LBRACE vardec . RBRACE
    7 vardec: vardec . var SEMICOLON

    NATTYPE  shift, and go to state 10
    ID       shift, and go to state 77
    RBRACE   shift, and go to state 78

    var      go to state 79
    methdec  go to state 80


state 69

   28 expr: IF LPAREN expr RPAREN . LBRACE elist RBRACE ELSE LBRACE elist RBRACE

    LBRACE  shift, and go to state 81


state 70

   29 expr: WHILE LPAREN expr RPAREN . LBRACE elist RBRACE

    LBRACE  shift, and go to state 82


state 71

   32 expr: PRINTNAT LPAREN expr RPAREN .

    $default  reduce using rule 32 (expr)


state 72

   30 expr: NEW ID LPAREN RPAREN .

    $default  reduce using rule 30 (expr)


state 73

   16 alist: alist COMMA . expr

    IF          shift, and go to state 11
    WHILE       shift, and go to state 12
    PRINTNAT    shift, and go to state 13
    READNAT     shift, and go to state 14
    THIS        shift, and go to state 15
    NEW         shift, and go to state 16
    NUL         shift, and go to state 17
    NATLITERAL  shift, and go to state 18
    ID          shift, and go to state 35
    NOT         shift, and go to state 20
    LPAREN      shift, and go to state 21

    expr  go to state 83


state 74

   38 expr: ID LPAREN alist RPAREN .

    $default  reduce using rule 38 (expr)


state 75

   37 expr: expr DOT ID ASSIGN . expr

    IF          shift, and go to state 11
    WHILE       shift, and go to state 12
    PRINTNAT    shift, and go to state 13
    READNAT     shift, and go to state 14
    THIS        shift, and go to state 15
    NEW         shift, and go to state 16
    NUL         shift, and go to state 17
    NATLITERAL  shift, and go to state 18
    ID          shift, and go to state 35
    NOT         shift, and go to state 20
    LPAREN      shift, and go to state 21

    expr  go to state 84


state 76

   39 expr: expr DOT ID LPAREN . alist RPAREN

    IF          shift, and go to state 11
    WHILE       shift, and go to state 12
    PRINTNAT    shift, and go to state 13
    READNAT     shift, and go to state 14
    THIS        shift, and go to state 15
    NEW         shift, and go to state 16
    NUL         shift, and go to state 17
    NATLITERAL  shift, and go to state 18
    ID          shift, and go to state 35
    NOT         shift, and go to state 20
    LPAREN      shift, and go to state 21

    $default  reduce using rule 18 (alist)

    alist  go to state 85
    expr   go to state 57


state 77

    6 var: ID . ID

    ID  shift, and go to state 32


state 78

    3 cdec: cdec CLASS ID EXTENDS ID LBRACE vardec RBRACE .

    $default  reduce using rule 3 (cdec)


state 79

    7 vardec: vardec var . SEMICOLON
   10 methdec: var . LPAREN pdec RPAREN LBRACE vardec elist RBRACE

    SEMICOLON  shift, and go to state 38
    LPAREN     shift, and go to state 86


state 80

    2 cdec: cdec CLASS ID EXTENDS ID LBRACE vardec methdec . RBRACE
    9 methdec: methdec . var LPAREN pdec RPAREN LBRACE vardec elist RBRACE

    NATTYPE  shift, and go to state 10
    ID       shift, and go to state 77
    RBRACE   shift, and go to state 87

    var  go to state 88


state 81

   28 expr: IF LPAREN expr RPAREN LBRACE . elist RBRACE ELSE LBRACE elist RBRACE

    IF          shift, and go to state 11
    WHILE       shift, and go to state 12
    PRINTNAT    shift, and go to state 13
    READNAT     shift, and go to state 14
    THIS        shift, and go to state 15
    NEW         shift, and go to state 16
    NUL         shift, and go to state 17
    NATLITERAL  shift, and go to state 18
    ID          shift, and go to state 35
    NOT         shift, and go to state 20
    LPAREN      shift, and go to state 21

    elist  go to state 89
    expr   go to state 24


state 82

   29 expr: WHILE LPAREN expr RPAREN LBRACE . elist RBRACE

    IF          shift, and go to state 11
    WHILE       shift, and go to state 12
    PRINTNAT    shift, and go to state 13
    READNAT     shift, and go to state 14
    THIS        shift, and go to state 15
    NEW         shift, and go to state 16
    NUL         shift, and go to state 17
    NATLITERAL  shift, and go to state 18
    ID          shift, and go to state 35
    NOT         shift, and go to state 20
    LPAREN      shift, and go to state 21

    elist  go to state 90
    expr   go to state 24


state 83

   16 alist: alist COMMA expr .
   19 expr: expr . PLUS expr
   20     | expr . MINUS expr
   21     | expr . TIMES expr
   22     | expr . EQUALITY expr
   23     | expr . LESS expr
   25     | expr . AND expr
   35     | expr . DOT ID
   37     | expr . DOT ID ASSIGN expr
   39     | expr . DOT ID LPAREN alist RPAREN

    PLUS      shift, and go to state 41
    MINUS     shift, and go to state 42
    TIMES     shift, and go to state 43
    EQUALITY  shift, and go to state 44
    LESS      shift, and go to state 45
    AND       shift, and go to state 46
    DOT       shift, and go to state 47

    $default  reduce using rule 16 (alist)


state 84

   19 expr: expr . PLUS expr
   20     | expr . MINUS expr
   21     | expr . TIMES expr
   22     | expr . EQUALITY expr
   23     | expr . LESS expr
   25     | expr . AND expr
   35     | expr . DOT ID
   37     | expr . DOT ID ASSIGN expr
   37     | expr DOT ID ASSIGN expr .
   39     | expr . DOT ID LPAREN alist RPAREN

    PLUS      shift, and go to state 41
    MINUS     shift, and go to state 42
    TIMES     shift, and go to state 43
    EQUALITY  shift, and go to state 44
    LESS      shift, and go to state 45
    AND       shift, and go to state 46
    DOT       shift, and go to state 47

    $default  reduce using rule 37 (expr)


state 85

   16 alist: alist . COMMA expr
   39 expr: expr DOT ID LPAREN alist . RPAREN

    COMMA   shift, and go to state 73
    RPAREN  shift, and go to state 91


state 86

   10 methdec: var LPAREN . pdec RPAREN LBRACE vardec elist RBRACE

    NATTYPE  shift, and go to state 10
    ID       shift, and go to state 77

    $default  reduce using rule 13 (pdec)

    var   go to state 92
    pdec  go to state 93


state 87

    2 cdec: cdec CLASS ID EXTENDS ID LBRACE vardec methdec RBRACE .

    $default  reduce using rule 2 (cdec)


state 88

    9 methdec: methdec var . LPAREN pdec RPAREN LBRACE vardec elist RBRACE

    LPAREN  shift, and go to state 94


state 89

   14 elist: elist . expr SEMICOLON
   28 expr: IF LPAREN expr RPAREN LBRACE elist . RBRACE ELSE LBRACE elist RBRACE

    IF          shift, and go to state 11
    WHILE       shift, and go to state 12
    PRINTNAT    shift, and go to state 13
    READNAT     shift, and go to state 14
    THIS        shift, and go to state 15
    NEW         shift, and go to state 16
    NUL         shift, and go to state 17
    NATLITERAL  shift, and go to state 18
    ID          shift, and go to state 35
    NOT         shift, and go to state 20
    RBRACE      shift, and go to state 95
    LPAREN      shift, and go to state 21

    expr  go to state 40


state 90

   14 elist: elist . expr SEMICOLON
   29 expr: WHILE LPAREN expr RPAREN LBRACE elist . RBRACE

    IF          shift, and go to state 11
    WHILE       shift, and go to state 12
    PRINTNAT    shift, and go to state 13
    READNAT     shift, and go to state 14
    THIS        shift, and go to state 15
    NEW         shift, and go to state 16
    NUL         shift, and go to state 17
    NATLITERAL  shift, and go to state 18
    ID          shift, and go to state 35
    NOT         shift, and go to state 20
    RBRACE      shift, and go to state 96
    LPAREN      shift, and go to state 21

    expr  go to state 40


state 91

   39 expr: expr DOT ID LPAREN alist RPAREN .

    $default  reduce using rule 39 (expr)


state 92

   12 pdec: var .

    $default  reduce using rule 12 (pdec)


state 93

   10 methdec: var LPAREN pdec . RPAREN LBRACE vardec elist RBRACE
   11 pdec: pdec . COMMA var

    COMMA   shift, and go to state 97
    RPAREN  shift, and go to state 98


state 94

    9 methdec: methdec var LPAREN . pdec RPAREN LBRACE vardec elist RBRACE

    NATTYPE  shift, and go to state 10
    ID       shift, and go to state 77

    $default  reduce using rule 13 (pdec)

    var   go to state 92
    pdec  go to state 99


state 95

   28 expr: IF LPAREN expr RPAREN LBRACE elist RBRACE . ELSE LBRACE elist RBRACE

    ELSE  shift, and go to state 100


state 96

   29 expr: WHILE LPAREN expr RPAREN LBRACE elist RBRACE .

    $default  reduce using rule 29 (expr)


state 97

   11 pdec: pdec COMMA . var

    NATTYPE  shift, and go to state 10
    ID       shift, and go to state 77

    var  go to state 101


state 98

   10 methdec: var LPAREN pdec RPAREN . LBRACE vardec elist RBRACE

    LBRACE  shift, and go to state 102


state 99

    9 methdec: methdec var LPAREN pdec . RPAREN LBRACE vardec elist RBRACE
   11 pdec: pdec . COMMA var

    COMMA   shift, and go to state 97
    RPAREN  shift, and go to state 103


state 100

   28 expr: IF LPAREN expr RPAREN LBRACE elist RBRACE ELSE . LBRACE elist RBRACE

    LBRACE  shift, and go to state 104


state 101

   11 pdec: pdec COMMA var .

    $default  reduce using rule 11 (pdec)


state 102

   10 methdec: var LPAREN pdec RPAREN LBRACE . vardec elist RBRACE

    $default  reduce using rule 8 (vardec)

    vardec  go to state 105


state 103

    9 methdec: methdec var LPAREN pdec RPAREN . LBRACE vardec elist RBRACE

    LBRACE  shift, and go to state 106


state 104

   28 expr: IF LPAREN expr RPAREN LBRACE elist RBRACE ELSE LBRACE . elist RBRACE

    IF          shift, and go to state 11
    WHILE       shift, and go to state 12
    PRINTNAT    shift, and go to state 13
    READNAT     shift, and go to state 14
    THIS        shift, and go to state 15
    NEW         shift, and go to state 16
    NUL         shift, and go to state 17
    NATLITERAL  shift, and go to state 18
    ID          shift, and go to state 35
    NOT         shift, and go to state 20
    LPAREN      shift, and go to state 21

    elist  go to state 107
    expr   go to state 24


state 105

    7 vardec: vardec . var SEMICOLON
   10 methdec: var LPAREN pdec RPAREN LBRACE vardec . elist RBRACE

    NATTYPE     shift, and go to state 10
    IF          shift, and go to state 11
    WHILE       shift, and go to state 12
    PRINTNAT    shift, and go to state 13
    READNAT     shift, and go to state 14
    THIS        shift, and go to state 15
    NEW         shift, and go to state 16
    NUL         shift, and go to state 17
    NATLITERAL  shift, and go to state 18
    ID          shift, and go to state 19
    NOT         shift, and go to state 20
    LPAREN      shift, and go to state 21

    var    go to state 22
    elist  go to state 108
    expr   go to state 24


state 106

    9 methdec: methdec var LPAREN pdec RPAREN LBRACE . vardec elist RBRACE

    $default  reduce using rule 8 (vardec)

    vardec  go to state 109


state 107

   14 elist: elist . expr SEMICOLON
   28 expr: IF LPAREN expr RPAREN LBRACE elist RBRACE ELSE LBRACE elist . RBRACE

    IF          shift, and go to state 11
    WHILE       shift, and go to state 12
    PRINTNAT    shift, and go to state 13
    READNAT     shift, and go to state 14
    THIS        shift, and go to state 15
    NEW         shift, and go to state 16
    NUL         shift, and go to state 17
    NATLITERAL  shift, and go to state 18
    ID          shift, and go to state 35
    NOT         shift, and go to state 20
    RBRACE      shift, and go to state 110
    LPAREN      shift, and go to state 21

    expr  go to state 40


state 108

   10 methdec: var LPAREN pdec RPAREN LBRACE vardec elist . RBRACE
   14 elist: elist . expr SEMICOLON

    IF          shift, and go to state 11
    WHILE       shift, and go to state 12
    PRINTNAT    shift, and go to state 13
    READNAT     shift, and go to state 14
    THIS        shift, and go to state 15
    NEW         shift, and go to state 16
    NUL         shift, and go to state 17
    NATLITERAL  shift, and go to state 18
    ID          shift, and go to state 35
    NOT         shift, and go to state 20
    RBRACE      shift, and go to state 111
    LPAREN      shift, and go to state 21

    expr  go to state 40


state 109

    7 vardec: vardec . var SEMICOLON
    9 methdec: methdec var LPAREN pdec RPAREN LBRACE vardec . elist RBRACE

    NATTYPE     shift, and go to state 10
    IF          shift, and go to state 11
    WHILE       shift, and go to state 12
    PRINTNAT    shift, and go to state 13
    READNAT     shift, and go to state 14
    THIS        shift, and go to state 15
    NEW         shift, and go to state 16
    NUL         shift, and go to state 17
    NATLITERAL  shift, and go to state 18
    ID          shift, and go to state 19
    NOT         shift, and go to state 20
    LPAREN      shift, and go to state 21

    var    go to state 22
    elist  go to state 112
    expr   go to state 24


state 110

   28 expr: IF LPAREN expr RPAREN LBRACE elist RBRACE ELSE LBRACE elist RBRACE .

    $default  reduce using rule 28 (expr)


state 111

   10 methdec: var LPAREN pdec RPAREN LBRACE vardec elist RBRACE .

    $default  reduce using rule 10 (methdec)


state 112

    9 methdec: methdec var LPAREN pdec RPAREN LBRACE vardec elist . RBRACE
   14 elist: elist . expr SEMICOLON

    IF          shift, and go to state 11
    WHILE       shift, and go to state 12
    PRINTNAT    shift, and go to state 13
    READNAT     shift, and go to state 14
    THIS        shift, and go to state 15
    NEW         shift, and go to state 16
    NUL         shift, and go to state 17
    NATLITERAL  shift, and go to state 18
    ID          shift, and go to state 35
    NOT         shift, and go to state 20
    RBRACE      shift, and go to state 113
    LPAREN      shift, and go to state 21

    expr  go to state 40


state 113

    9 methdec: methdec var LPAREN pdec RPAREN LBRACE vardec elist RBRACE .

    $default  reduce using rule 9 (methdec)
